<?xml version="1.0" encoding="UTF-8"?>
<!-- Generated by org.testng.reporters.JUnitReportReporter -->
<testsuite skipped="0" hostname="DESKTOP-1AU25CC" name="api.test.DDTests" tests="6" failures="0" timestamp="29 Apr 2024 13:41:22 GMT" time="17.339" errors="0">
  <testcase name="testPostuser" time="1.922" classname="api.test.DDTests"/>
  <testcase name="testPostuser" time="1.982" classname="api.test.DDTests"/>
  <testcase name="testPostuser" time="6.561" classname="api.test.DDTests"/>
  <testcase name="testUsrByName" time="2.302" classname="api.test.DDTests"/>
  <testcase name="testUsrByName" time="2.391" classname="api.test.DDTests"/>
  <testcase name="testUsrByName" time="2.181" classname="api.test.DDTests"/>
</testsuite> <!-- api.test.DDTests -->
