<?xml version="1.0" encoding="UTF-8"?>
<!-- Generated by org.testng.reporters.JUnitReportReporter -->
<testsuite skipped="0" hostname="DESKTOP-1AU25CC" name="api.test.UserTests" tests="4" failures="0" timestamp="29 Apr 2024 13:41:22 GMT" time="11.391" errors="0">
  <testcase name="testPostUser" time="2.553" classname="api.test.UserTests"/>
  <testcase name="testGetUserByName" time="2.732" classname="api.test.UserTests"/>
  <testcase name="testUpdateByUserByName" time="3.953" classname="api.test.UserTests"/>
  <testcase name="testDeleteUserByName" time="2.153" classname="api.test.UserTests"/>
</testsuite> <!-- api.test.UserTests -->
