<?xml version="1.0" encoding="UTF-8"?>
<!-- Generated by org.testng.reporters.JUnitReportReporter -->
<testsuite hostname="DESKTOP-1AU25CC" name="api.test.UserTests2" tests="4" failures="0" timestamp="1 May 2024 14:16:07 GMT" time="15.392" errors="0">
  <testcase name="testGetUserByName" time="2.186" classname="api.test.UserTests2"/>
  <testcase name="testUpdateByUserByName" time="4.418" classname="api.test.UserTests2"/>
  <testcase name="testDeleteUserByName" time="1.902" classname="api.test.UserTests2"/>
  <testcase name="testPostUser" time="6.886" classname="api.test.UserTests2"/>
</testsuite> <!-- api.test.UserTests2 -->
