<?xml version="1.0" encoding="UTF-8"?>
<!-- Generated by org.testng.reporters.JUnitReportReporter -->
<testsuite hostname="DESKTOP-1AU25CC" name="api.test.UserTests" tests="4" failures="0" timestamp="1 May 2024 03:06:35 GMT" time="20.714" errors="0">
  <testcase name="testUpdateByUserByName" time="7.128" classname="api.test.UserTests"/>
  <testcase name="testGetUserByName" time="2.678" classname="api.test.UserTests"/>
  <testcase name="testPostUser" time="8.907" classname="api.test.UserTests"/>
  <testcase name="testDeleteUserByName" time="2.001" classname="api.test.UserTests"/>
</testsuite> <!-- api.test.UserTests -->
